2020-09-03 10:39:34,073 ERROR: Exception on / [GET] [in c:\matea\microblog\venv\lib\site-packages\flask\app.py:1891]
Traceback (most recent call last):
  File "c:\matea\microblog\venv\lib\site-packages\flask\app.py", line 2446, in wsgi_app
    response = self.full_dispatch_request()
  File "c:\matea\microblog\venv\lib\site-packages\flask\app.py", line 1951, in full_dispatch_request
    rv = self.handle_user_exception(e)
  File "c:\matea\microblog\venv\lib\site-packages\flask\app.py", line 1820, in handle_user_exception
    reraise(exc_type, exc_value, tb)
  File "c:\matea\microblog\venv\lib\site-packages\flask\_compat.py", line 39, in reraise
    raise value
  File "c:\matea\microblog\venv\lib\site-packages\flask\app.py", line 1949, in full_dispatch_request
    rv = self.dispatch_request()
  File "c:\matea\microblog\venv\lib\site-packages\flask\app.py", line 1935, in dispatch_request
    return self.view_functions[rule.endpoint](**req.view_args)
  File "c:\matea\microblog\venv\lib\site-packages\flask_login\utils.py", line 272, in decorated_view
    return func(*args, **kwargs)
  File "C:\matea\microblog\app\routes.py", line 45, in index
    prev_url=prev_url)
  File "c:\matea\microblog\venv\lib\site-packages\flask\templating.py", line 140, in render_template
    ctx.app,
  File "c:\matea\microblog\venv\lib\site-packages\flask\templating.py", line 120, in _render
    rv = template.render(context)
  File "c:\matea\microblog\venv\lib\site-packages\jinja2\asyncsupport.py", line 76, in render
    return original_render(self, *args, **kwargs)
  File "c:\matea\microblog\venv\lib\site-packages\jinja2\environment.py", line 1008, in render
    return self.environment.handle_exception(exc_info, True)
  File "c:\matea\microblog\venv\lib\site-packages\jinja2\environment.py", line 780, in handle_exception
    reraise(exc_type, exc_value, tb)
  File "c:\matea\microblog\venv\lib\site-packages\jinja2\_compat.py", line 37, in reraise
    raise value.with_traceback(tb)
  File "C:\matea\microblog\app\templates\index.html", line 2, in top-level template code
    {% import 'bootstrap/wtf.html' as wtf %}
  File "c:\matea\microblog\venv\lib\site-packages\jinja2\environment.py", line 1005, in render
    return concat(self.root_render_func(self.new_context(vars)))
  File "C:\matea\microblog\app\templates\index.html", line 17, in root
    <span aria-hidden="true">&larr;</span> {{ _('Newer posts') }}
  File "C:\matea\microblog\app\templates\base.html", line 14, in root
    <span class="icon-bar"></span>
  File "c:\matea\microblog\venv\lib\site-packages\flask_bootstrap\templates\bootstrap\base.html", line 10, in root
    <meta name="viewport" content="width=device-width, initial-scale=1.0">
  File "c:\matea\microblog\venv\lib\site-packages\flask_bootstrap\templates\bootstrap\base.html", line 20, in block_doc
    {% block body -%}
  File "c:\matea\microblog\venv\lib\site-packages\flask_bootstrap\templates\bootstrap\base.html", line 39, in block_html
  File "c:\matea\microblog\venv\lib\site-packages\flask_bootstrap\templates\bootstrap\base.html", line 92, in block_body
  File "C:\matea\microblog\app\templates\base.html", line 87, in block_content
  File "C:\matea\microblog\app\templates\index.html", line 61, in block_app_content
  File "c:\matea\microblog\venv\lib\site-packages\jinja2\runtime.py", line 262, in call
    return __obj(*args, **kwargs)
  File "c:\matea\microblog\venv\lib\site-packages\jinja2\ext.py", line 134, in _gettext_alias
    return __context.call(__context.resolve('gettext'), *args, **kwargs)
  File "c:\matea\microblog\venv\lib\site-packages\jinja2\ext.py", line 143, in gettext
    return rv % variables
  File "c:\matea\microblog\venv\lib\site-packages\markupsafe\__init__.py", line 102, in __mod__
    return self.__class__(text_type.__mod__(self, arg))
  File "c:\matea\microblog\venv\lib\site-packages\markupsafe\__init__.py", line 301, in __getitem__
    return _MarkupEscapeHelper(self.obj[item], self.escape)
KeyError: 'username'
2020-09-04 09:31:03,965 INFO: Microblog startup [in C:\matea\microblog\app\__init__.py:60]
2020-09-04 09:33:45,833 INFO: Microblog startup [in C:\matea\microblog\app\__init__.py:60]
2020-09-04 10:29:55,348 INFO: Microblog startup [in C:\matea\microblog\app\__init__.py:60]
2020-09-04 10:38:41,941 INFO: Microblog startup [in C:\matea\microblog\app\__init__.py:60]
2020-09-04 10:40:08,112 INFO: Microblog startup [in C:\matea\microblog\app\__init__.py:60]
2020-09-04 10:43:46,542 INFO: Microblog startup [in C:\matea\microblog\app\__init__.py:60]
2020-09-04 10:48:31,400 INFO: Microblog startup [in C:\matea\microblog\app\__init__.py:60]
2020-09-04 10:55:11,421 INFO: Microblog startup [in C:\matea\microblog\app\__init__.py:60]
2020-09-04 11:02:11,791 INFO: Microblog startup [in C:\matea\microblog\app\__init__.py:60]
2020-09-04 11:03:20,714 INFO: Microblog startup [in C:\matea\microblog\app\__init__.py:60]
2020-09-04 11:05:10,009 INFO: Microblog startup [in C:\matea\microblog\app\__init__.py:60]
2020-09-04 11:06:29,579 INFO: Microblog startup [in C:\matea\microblog\app\__init__.py:60]
2020-09-04 11:07:30,440 INFO: Microblog startup [in C:\matea\microblog\app\__init__.py:60]
2020-09-04 11:08:11,986 INFO: Microblog startup [in C:\matea\microblog\app\__init__.py:60]
2020-09-04 11:09:16,744 INFO: Microblog startup [in C:\matea\microblog\app\__init__.py:60]
2020-09-04 11:10:25,701 INFO: Microblog startup [in C:\matea\microblog\app\__init__.py:60]
2020-09-04 11:41:18,949 INFO: Microblog startup [in C:\matea\microblog\app\__init__.py:60]
2020-09-04 11:53:56,574 INFO: Microblog startup [in C:\matea\microblog\app\__init__.py:60]
2020-09-04 11:58:08,348 INFO: Microblog startup [in C:\matea\microblog\app\__init__.py:60]
2020-09-04 12:00:10,995 INFO: Microblog startup [in C:\matea\microblog\app\__init__.py:60]
2020-09-04 12:02:03,334 INFO: Microblog startup [in C:\matea\microblog\app\__init__.py:60]
2020-09-04 12:03:27,019 INFO: Microblog startup [in C:\matea\microblog\app\__init__.py:60]
2020-09-04 12:04:59,057 INFO: Microblog startup [in C:\matea\microblog\app\__init__.py:60]
2020-09-04 13:53:32,084 INFO: Microblog startup [in C:\matea\microblog\app\__init__.py:60]
2020-09-04 13:54:29,806 INFO: Microblog startup [in C:\matea\microblog\app\__init__.py:60]
2020-09-04 13:56:43,886 INFO: Microblog startup [in C:\matea\microblog\app\__init__.py:60]
